Traceback (most recent call last):
  File "/home/ttgaglow/django-website/passenger_wsgi.py", line 9, in <module>
    application = wsgi.application
AttributeError: module 'wsgi' has no attribute 'application'
Traceback (most recent call last):
  File "/home/ttgaglow/django-website/passenger_wsgi.py", line 9, in <module>
    application = wsgi.application
AttributeError: module 'wsgi' has no attribute 'application'
Traceback (most recent call last):
  File "/home/ttgaglow/django-website/passenger_wsgi.py", line 3, in <module>
    from toontown_galaxy import application
ImportError: cannot import name 'application' from 'toontown_galaxy' (/home/ttgaglow/django-website/toontown_galaxy/__init__.py)
Traceback (most recent call last):
  File "/home/ttgaglow/django-website/passenger_wsgi.py", line 3, in <module>
    from toontown_galaxy import application
ImportError: cannot import name 'application' from 'toontown_galaxy' (/home/ttgaglow/django-website/toontown_galaxy/__init__.py)
Traceback (most recent call last):
  File "/home/ttgaglow/django-website/passenger_wsgi.py", line 3, in <module>
    from toontown_galaxy import application
ImportError: cannot import name 'application' from 'toontown_galaxy' (/home/ttgaglow/django-website/toontown_galaxy/__init__.py)
Traceback (most recent call last):
  File "/home/ttgaglow/django-website/passenger_wsgi.py", line 3, in <module>
    from toontown_galaxy import application
ImportError: cannot import name 'application' from 'toontown_galaxy' (/home/ttgaglow/django-website/toontown_galaxy/__init__.py)
Traceback (most recent call last):
  File "/home/ttgaglow/django-website/passenger_wsgi.py", line 3, in <module>
    from toontown_galaxy import application
ImportError: cannot import name 'application' from 'toontown_galaxy' (/home/ttgaglow/django-website/toontown_galaxy/__init__.py)
Traceback (most recent call last):
  File "/home/ttgaglow/django-website/passenger_wsgi.py", line 3, in <module>
    from toontown_galaxy import application
ImportError: cannot import name 'application' from 'toontown_galaxy' (/home/ttgaglow/django-website/toontown_galaxy/__init__.py)
Traceback (most recent call last):
  File "/home/ttgaglow/django-website/passenger_wsgi.py", line 3, in <module>
    from toontown_galaxy import application
ImportError: cannot import name 'application' from 'toontown_galaxy' (/home/ttgaglow/django-website/toontown_galaxy/__init__.py)
Not Found: /static/css/stylesNav.css
Not Found: /static/css/styles.css
Not Found: /static/js/scripts.js
Not Found: /static/images/ttg-logo.png
Not Found: /static/images/ttg_icon.png
Not Found: /robots.txt
Not Found: /static/css/styles.css
Not Found: /static/css/stylesNav.css
Not Found: /static/js/scripts.js
Not Found: /static/images/ttg-logo.png
Not Found: /static/images/ttg_icon.png
Not Found: /static/css/styles.css
Not Found: /static/css/stylesNav.css
Not Found: /static/js/scripts.js
Not Found: /static/images/ttg-logo.png
Not Found: /static/images/ttg_icon.png
Not Found: /static/
Not Found: /favicon.ico
Not Found: /apply/
Not Found: /staff/
Not Found: /public/staff
Not Found: /static/js/scripts.js
Not Found: /login
